<?xml version="1.0" encoding="UTF-8"?>
<coverage generated="1771179452785" clover="3.2.0">
  <project timestamp="1771179452786" name="All files">
    <metrics statements="9" coveredstatements="6" conditionals="0" coveredconditionals="0" methods="6" coveredmethods="3" elements="15" coveredelements="9" complexity="0" loc="9" ncloc="9" packages="1" files="3" classes="3"/>
    <file name="basic.js" path="C:\Users\user\Desktop\ci-template\src\js\basic.js">
      <metrics statements="4" coveredstatements="4" conditionals="0" coveredconditionals="0" methods="2" coveredmethods="2"/>
      <line num="2" count="1" type="stmt"/>
      <line num="3" count="1" type="stmt"/>
      <line num="4" count="3" type="stmt"/>
      <line num="6" count="1" type="stmt"/>
    </file>
    <file name="http.js" path="C:\Users\user\Desktop\ci-template\src\js\http.js">
      <metrics statements="2" coveredstatements="0" conditionals="0" coveredconditionals="0" methods="2" coveredmethods="0"/>
      <line num="2" count="0" type="stmt"/>
      <line num="6" count="0" type="stmt"/>
    </file>
    <file name="user.js" path="C:\Users\user\Desktop\ci-template\src\js\user.js">
      <metrics statements="3" coveredstatements="2" conditionals="0" coveredconditionals="0" methods="2" coveredmethods="1"/>
      <line num="4" count="1" type="stmt"/>
      <line num="5" count="1" type="stmt"/>
      <line num="10" count="0" type="stmt"/>
    </file>
  </project>
</coverage>
